<?xml version="1.0" encoding="UTF-8"?>
<!-- Generated by org.testng.reporters.JUnitReportReporter -->
<testsuite hostname="DESKTOP-S5RPUEQ" failures="0" tests="1" name="com.abcd.ChromeDriver_test" time="11.575" errors="0" timestamp="2023-11-30T12:49:44 IST" skipped="0">
  <testcase classname="com.abcd.ChromeDriver_test" name="m1test" time="11.575"/>
  <system-out/>
</testsuite> <!-- com.abcd.ChromeDriver_test -->
