<?xml version="1.0" encoding="UTF-8"?>
<!-- Generated by org.testng.reporters.JUnitReportReporter -->
<testsuite hostname="DESKTOP-S5RPUEQ" failures="0" tests="1" name="com.abcd.test1" time="0.013" errors="0" timestamp="2023-11-29T15:01:15 IST" skipped="0">
  <testcase classname="com.abcd.test1" name="test1" time="0.013"/>
  <system-out/>
</testsuite> <!-- com.abcd.test1 -->
